(node:60612) ExperimentalWarning: CommonJS module /opt/homebrew/lib/node_modules/npm/node_modules/debug/src/node.js is loading ES Module /opt/homebrew/lib/node_modules/npm/node_modules/supports-color/index.js using require().
Support for loading ES Module in require() is an experimental feature and might change at any time
(Use `node --trace-warnings ...` to show where the warning was created)

> nextjs@0.1.0 build
> next build

   Creating an optimized production build...
(node:60627) [DEP0040] DeprecationWarning: The `punycode` module is deprecated. Please use a userland alternative instead.
(Use `node --trace-deprecation ...` to show where the warning was created)
Browserslist: caniuse-lite is outdated. Please run:
  npx update-browserslist-db@latest
  Why you should do it regularly: https://github.com/browserslist/update-db#readme
(node:60627) ExperimentalWarning: CommonJS module /Users/alexanderfoley/Desktop/ciso-work-cycle/node_modules/tailwindcss/lib/lib/load-config.js is loading ES Module /Users/alexanderfoley/Desktop/ciso-work-cycle/tailwind.config.ts using require().
Support for loading ES Module in require() is an experimental feature and might change at any time
Browserslist: caniuse-lite is outdated. Please run:
  npx browserslist@latest --update-db
  Why you should do it regularly: https://github.com/browserslist/browserslist#browsers-data-updating
 ✓ Compiled successfully
   Skipping linting
   Checking validity of types...
   Collecting page data...
   Generating static pages (0/4)...
   Generating static pages (1/4)

   Generating static pages (2/4)

   Generating static pages (3/4)

 ✓ Generating static pages (4/4)
   Finalizing page optimization...

Route (app)                              Size     First Load JS
┌ ○ /                                    11.6 kB        90.9 kB
└ ○ /_not-found                          878 B          80.2 kB
+ First Load JS shared by all            79.3 kB
  ├ chunks/864-015fdd2f172cf66f.js       26.6 kB
  ├ chunks/fd9d1056-1e9fc12392374428.js  50.8 kB
  ├ chunks/main-app-876264886b073447.js  221 B
  └ chunks/webpack-a2bfb6b3569badeb.js   1.64 kB


○  (Static)  automatically rendered as static HTML (uses no initial props)

npm notice
npm notice New minor version of npm available! 11.5.2 -> 11.6.1
npm notice Changelog: https://github.com/npm/cli/releases/tag/v11.6.1
npm notice To update run: npm install -g npm@11.6.1
npm notice
